2025-06-11 13:55:31 - Script started.
2025-06-11 13:55:31 - Loaded file content: [
    {
        "number": "#001",
        "firstname": "aleck",
        "lastname": "lopez",
        "username": "alecklopez",
        "password": "$2y$10$3OjEHJKoFm62mMuIxyi1iOjlmhNbpDD5Qii\/RYC52pKwgIxNFBVGC",
        "position": "secretary",
        "active": false
    },
    {
        "number": "#002",
        "firstname": "aleck",
        "lastname": "lopez",
        "username": "lora_f111",
        "password": "$2y$10$WWKPIb.fV.ki8nJOu123nuz4Yd\/NhH2Kmg3N9KSXi6MTwFH4dvQYm",
        "position": "secretary",
        "active": false
    },
    {
        "number": "#003",
        "firstname": "isaiah",
        "lastname": "serrano",
        "username": "isaiahserrano",
        "password": "$2y$10$eTRT\/G59R2cr\/cT1DuabYOCMcaqv5vJQpG8mkVTAevYb58074udrO",
        "position": "secretary",
        "active": true
    },
    {
        "number": "#004",
        "firstname": "isaiah",
        "lastname": "lopez",
        "username": "isaiahserrano1",
        "password": "$2y$10$KcsdWnCPmwyg9asIYjKj9uQsOus3cRlm2dXlvR9lZw8cAF\/qj.I2O",
        "position": "secretary",
        "active": false
    }
]
2025-06-11 13:55:31 - Decoded users: [{"number":"#001","firstname":"aleck","lastname":"lopez","username":"alecklopez","password":"$2y$10$3OjEHJKoFm62mMuIxyi1iOjlmhNbpDD5Qii\/RYC52pKwgIxNFBVGC","position":"secretary","active":false},{"number":"#002","firstname":"aleck","lastname":"lopez","username":"lora_f111","password":"$2y$10$WWKPIb.fV.ki8nJOu123nuz4Yd\/NhH2Kmg3N9KSXi6MTwFH4dvQYm","position":"secretary","active":false},{"number":"#003","firstname":"isaiah","lastname":"serrano","username":"isaiahserrano","password":"$2y$10$eTRT\/G59R2cr\/cT1DuabYOCMcaqv5vJQpG8mkVTAevYb58074udrO","position":"secretary","active":true},{"number":"#004","firstname":"isaiah","lastname":"lopez","username":"isaiahserrano1","password":"$2y$10$KcsdWnCPmwyg9asIYjKj9uQsOus3cRlm2dXlvR9lZw8cAF\/qj.I2O","position":"secretary","active":false}]
2025-06-11 13:55:31 - Script finished without POST handling.
2025-06-11 13:55:31 - Script started.
2025-06-11 13:55:31 - Loaded file content: [
    {
        "number": "#001",
        "firstname": "aleck",
        "lastname": "lopez",
        "username": "alecklopez",
        "password": "$2y$10$3OjEHJKoFm62mMuIxyi1iOjlmhNbpDD5Qii\/RYC52pKwgIxNFBVGC",
        "position": "secretary",
        "active": false
    },
    {
        "number": "#002",
        "firstname": "aleck",
        "lastname": "lopez",
        "username": "lora_f111",
        "password": "$2y$10$WWKPIb.fV.ki8nJOu123nuz4Yd\/NhH2Kmg3N9KSXi6MTwFH4dvQYm",
        "position": "secretary",
        "active": false
    },
    {
        "number": "#003",
        "firstname": "isaiah",
        "lastname": "serrano",
        "username": "isaiahserrano",
        "password": "$2y$10$eTRT\/G59R2cr\/cT1DuabYOCMcaqv5vJQpG8mkVTAevYb58074udrO",
        "position": "secretary",
        "active": true
    },
    {
        "number": "#004",
        "firstname": "isaiah",
        "lastname": "lopez",
        "username": "isaiahserrano1",
        "password": "$2y$10$KcsdWnCPmwyg9asIYjKj9uQsOus3cRlm2dXlvR9lZw8cAF\/qj.I2O",
        "position": "secretary",
        "active": false
    }
]
2025-06-11 13:55:31 - Decoded users: [{"number":"#001","firstname":"aleck","lastname":"lopez","username":"alecklopez","password":"$2y$10$3OjEHJKoFm62mMuIxyi1iOjlmhNbpDD5Qii\/RYC52pKwgIxNFBVGC","position":"secretary","active":false},{"number":"#002","firstname":"aleck","lastname":"lopez","username":"lora_f111","password":"$2y$10$WWKPIb.fV.ki8nJOu123nuz4Yd\/NhH2Kmg3N9KSXi6MTwFH4dvQYm","position":"secretary","active":false},{"number":"#003","firstname":"isaiah","lastname":"serrano","username":"isaiahserrano","password":"$2y$10$eTRT\/G59R2cr\/cT1DuabYOCMcaqv5vJQpG8mkVTAevYb58074udrO","position":"secretary","active":true},{"number":"#004","firstname":"isaiah","lastname":"lopez","username":"isaiahserrano1","password":"$2y$10$KcsdWnCPmwyg9asIYjKj9uQsOus3cRlm2dXlvR9lZw8cAF\/qj.I2O","position":"secretary","active":false}]
2025-06-11 13:55:31 - Script finished without POST handling.
